android/app/buildss/outputs/logs/manifest-merger-release-report.txt
-- Merging decision tree log ---
manifest
ADDED from src/main/AndroidManifest.xml:1:1-32:12
INJECTED from src/main/AndroidManifest.xml:1:1-32:12
INJECTED from src/main/AndroidManifest.xml:1:1-32:12
INJECTED from src/main/AndroidManifest.xml:1:1-32:12
MERGED from [:expo] AndroidManifest.xml:2:1-7:12
MERGED from [:react-native-gesture-handler] AndroidManifest.xml:2:1-7:12
MERGED from [:react-native-safe-area-context] AndroidManifest.xml:2:1-7:12
MERGED from [:react-native-screens] AndroidManifest.xml:2:1-7:12
MERGED from [:react-native-webview] AndroidManifest.xml:2:1-19:12
MERGED from [:react-native-reanimated] AndroidManifest.xml:2:1-7:12
MERGED from [:expo-asset] AndroidManifest.xml:2:1-7:12
MERGED from [:expo-blur] AndroidManifest.xml:2:1-7:12
MERGED from [:expo-constants] AndroidManifest.xml:2:1-7:12
MERGED from [:expo-file-system] AndroidManifest.xml:2:1-33:12
MERGED from [:expo-font] AndroidManifest.xml:2:1-7:12
MERGED from [:expo-haptics] AndroidManifest.xml:2:1-9:12
MERGED from [:expo-keep-awake] AndroidManifest.xml:2:1-7:12
MERGED from [:expo-linking] AndroidManifest.xml:2:1-7:12
MERGED from [:expo-splash-screen] AndroidManifest.xml:2:1-7:12
MERGED from [:expo-system-ui] AndroidManifest.xml:2:1-7:12
MERGED from [:expo-web-browser] AndroidManifest.xml:2:1-15:12
MERGED from [:expo-modules-core] AndroidManifest.xml:2:1-18:12
MERGED from [com.facebook.react:react-android:0.76.6] AndroidManifest.xml:2:1-12:12
MERGED from [com.google.android.material:material:1.6.1] AndroidManifest.xml:17:1-26:12
MERGED from [androidx.legacy:legacy-support-v4:1.0.0] AndroidManifest.xml:17:1-22:12
MERGED from [androidx.constraintlayout:constraintlayout:2.0.1] AndroidManifest.xml:2:1-11:12
MERGED from [androidx.core:core-splashscreen:1.2.0-alpha02] AndroidManifest.xml:17:1-22:12
MERGED from [androidx.appcompat:appcompat-resources:1.7.0] AndroidManifest.xml:2:1-7:12
MERGED from [androidx.appcompat:appcompat:1.7.0] AndroidManifest.xml:2:1-7:12
MERGED from [androidx.viewpager2:viewpager2:1.0.0] AndroidManifest.xml:17:1-24:12
MERGED from [androidx.fragment:fragment:1.6.1] AndroidManifest.xml:17:1-22:12
MERGED from [androidx.fragment:fragment-ktx:1.6.1] AndroidManifest.xml:17:1-22:12
MERGED from [com.facebook.fresco:imagepipeline-okhttp3:3.2.0] AndroidManifest.xml:2:1-7:12
MERGED from [androidx.legacy:legacy-support-core-ui:1.0.0] AndroidManifest.xml:17:1-22:12
MERGED from [androidx.coordinatorlayout:coordinatorlayout:1.2.0] AndroidManifest.xml:17:1-24:12
MERGED from [androidx.swiperefreshlayout:swiperefreshlayout:1.1.0] AndroidManifest.xml:17:1-24:12
MERGED from [androidx.webkit:webkit:1.4.0] AndroidManifest.xml:17:1-24:12
MERGED from [androidx.compose.foundation:foundation-android:1.7.6] AndroidManifest.xml:2:1-7:12
MERGED from [androidx.compose.foundation:foundation-layout-android:1.7.6] AndroidManifest.xml:2:1-7:12
MERGED from [androidx.compose.animation:animation-core-android:1.7.6] AndroidManifest.xml:2:1-7:12
MERGED from [androidx.compose.animation:animation-android:1.7.6] AndroidManifest.xml:2:1-7:12
MERGED from [androidx.compose.ui:ui-unit-android:1.7.6] AndroidManifest.xml:2:1-7:12
MERGED from [androidx.compose.ui:ui-graphics-android:1.7.6] AndroidManifest.xml:2:1-7:12
MERGED from [androidx.compose.ui:ui-geometry-android:1.7.6] AndroidManifest.xml:2:1-7:12
MERGED from [androidx.compose.ui:ui-util-android:1.7.6] AndroidManifest.xml:2:1-7:12
MERGED from [androidx.compose.ui:ui-text-android:1.7.6] AndroidManifest.xml:2:1-7:12
MERGED from [androidx.compose.ui:ui-android:1.7.6] AndroidManifest.xml:2:1-7:12
MERGED from [androidx.autofill:autofill:1.1.0] AndroidManifest.xml:17:1-24:12
MERGED from [com.facebook.fresco:animated-gif:3.2.0] AndroidManifest.xml:2:1-7:12
MERGED from [com.facebook.fresco:webpsupport:3.2.0] AndroidManifest.xml:2:1-7:12
MERGED from [com.facebook.fresco:fresco:3.2.0] AndroidManifest.xml:2:1-7:12
MERGED from [com.facebook.fresco:animated-base:3.2.0] AndroidManifest.xml:2:1-7:12
MERGED from [com.facebook.fresco:animated-drawable:3.2.0] AndroidManifest.xml:2:1-7:12
MERGED from [com.facebook.fresco:vito-options:3.2.0] AndroidManifest.xml:2:1-7:12
MERGED from [com.facebook.fresco:drawee:3.2.0] AndroidManifest.xml:2:1-7:12
MERGED from [com.facebook.fresco:nativeimagefilters:3.2.0] AndroidManifest.xml:2:1-7:12
MERGED from [com.facebook.fresco:memory-type-native:3.2.0] AndroidManifest.xml:2:1-7:12
MERGED from [com.facebook.fresco:memory-type-java:3.2.0] AndroidManifest.xml:2:1-7:12
MERGED from [com.facebook.fresco:imagepipeline-native:3.2.0] AndroidManifest.xml:2:1-7:12
MERGED from [com.facebook.fresco:memory-type-ashmem:3.2.0] AndroidManifest.xml:2:1-7:12
MERGED from [com.facebook.fresco:imagepipeline:3.2.0] AndroidManifest.xml:2:1-7:12
MERGED from [com.facebook.fresco:nativeimagetranscoder:3.2.0] AndroidManifest.xml:2:1-7:12
MERGED from [com.facebook.fresco:imagepipeline-base:3.2.0] AndroidManifest.xml:2:1-7:12
MERGED from [com.facebook.fresco:middleware:3.2.0] AndroidManifest.xml:2:1-7:12
MERGED from [com.facebook.fresco:ui-common:3.2.0] AndroidManifest.xml:2:1-7:12
MERGED from [com.facebook.fresco:soloader:3.2.0] AndroidManifest.xml:2:1-7:12
MERGED from [com.facebook.fresco:fbcore:3.2.0] AndroidManifest.xml:2:1-7:12
MERGED from [androidx.browser:browser:1.6.0] AndroidManifest.xml:2:1-7:12
MERGED from [androidx.transition:transition:1.2.0] AndroidManifest.xml:17:1-24:12
MERGED from [androidx.drawerlayout:drawerlayout:1.1.1] AndroidManifest.xml:17:1-24:12
MERGED from [androidx.dynamicanimation:dynamicanimation:1.0.0] AndroidManifest.xml:17:1-22:12
MERGED from [androidx.vectordrawable:vectordrawable-animated:1.1.0] AndroidManifest.xml:17:1-24:12
MERGED from [androidx.vectordrawable:vectordrawable:1.1.0] AndroidManifest.xml:17:1-24:12
MERGED from [androidx.emoji2:emoji2-views-helper:1.3.0] AndroidManifest.xml:2:1-7:12
MERGED from [androidx.emoji2:emoji2:1.3.0] AndroidManifest.xml:17:1-35:12
MERGED from [androidx.media:media:1.0.0] AndroidManifest.xml:17:1-22:12
MERGED from [androidx.legacy:legacy-support-core-utils:1.0.0] AndroidManifest.xml:17:1-22:12
MERGED from [androidx.activity:activity-ktx:1.7.2] AndroidManifest.xml:17:1-22:12
MERGED from [androidx.activity:activity:1.7.2] AndroidManifest.xml:17:1-22:12
MERGED from [androidx.loader:loader:1.0.0] AndroidManifest.xml:17:1-22:12
MERGED from [androidx.viewpager:viewpager:1.0.0] AndroidManifest.xml:17:1-22:12
MERGED from [androidx.recyclerview:recyclerview:1.1.0] AndroidManifest.xml:17:1-24:12
MERGED from [androidx.slidingpanelayout:slidingpanelayout:1.0.0] AndroidManifest.xml:17:1-22:12
MERGED from [androidx.customview:customview:1.1.0] AndroidManifest.xml:17:1-24:12
MERGED from [androidx.asynclayoutinflater:asynclayoutinflater:1.0.0] AndroidManifest.xml:17:1-22:12
MERGED from [androidx.graphics:graphics-path:1.0.1] AndroidManifest.xml:2:1-7:12
MERGED from [androidx.core:core:1.13.1] AndroidManifest.xml:17:1-30:12
MERGED from [androidx.customview:customview-poolingcontainer:1.0.0] AndroidManifest.xml:17:1-23:12
MERGED from [androidx.savedstate:savedstate-ktx:1.2.1] AndroidManifest.xml:17:1-22:12
MERGED from [androidx.savedstate:savedstate:1.2.1] AndroidManifest.xml:17:1-22:12
MERGED from [androidx.lifecycle:lifecycle-viewmodel:2.8.3] AndroidManifest.xml:2:1-5:12
MERGED from [androidx.lifecycle:lifecycle-viewmodel-android:2.8.3] AndroidManifest.xml:17:1-22:12
MERGED from [androidx.lifecycle:lifecycle-runtime-ktx-android:2.8.3] AndroidManifest.xml:2:1-7:12
MERGED from [androidx.lifecycle:lifecycle-runtime-android:2.8.3] AndroidManifest.xml:17:1-22:12
MERGED from [androidx.lifecycle:lifecycle-viewmodel-ktx:2.8.3] AndroidManifest.xml:2:1-7:12
MERGED from [androidx.lifecycle:lifecycle-process:2.8.3] AndroidManifest.xml:17:1-35:12
MERGED from [androidx.lifecycle:lifecycle-livedata-core-ktx:2.8.3] AndroidManifest.xml:2:1-7:12
MERGED from [androidx.lifecycle:lifecycle-livedata-core:2.8.3] AndroidManifest.xml:17:1-22:12
MERGED from [androidx.lifecycle:lifecycle-livedata:2.8.3] AndroidManifest.xml:17:1-22:12
MERGED from [androidx.lifecycle:lifecycle-runtime-compose-android:2.8.3] AndroidManifest.xml:2:1-7:12
MERGED from [androidx.lifecycle:lifecycle-viewmodel-savedstate:2.8.3] AndroidManifest.xml:17:1-22:12
MERGED from [androidx.core:core-ktx:1.13.1] AndroidManifest.xml:2:1-7:12
MERGED from [androidx.profileinstaller:profileinstaller:1.3.1] AndroidManifest.xml:17:1-55:12
MERGED from [androidx.startup:startup-runtime:1.1.1] AndroidManifest.xml:17:1-33:12
MERGED from [androidx.tracing:tracing:1.2.0] AndroidManifest.xml:17:1-22:12
MERGED from [androidx.tracing:tracing-ktx:1.2.0] AndroidManifest.xml:17:1-22:12
MERGED from [androidx.compose.runtime:runtime-saveable-android:1.7.6] AndroidManifest.xml:2:1-7:12
MERGED from [androidx.compose.runtime:runtime-android:1.7.6] AndroidManifest.xml:2:1-7:12
MERGED from [com.facebook.fresco:vito-renderer:3.2.0] AndroidManifest.xml:2:1-7:12
MERGED from [com.facebook.react:hermes-android:0.76.6] AndroidManifest.xml:2:1-7:12
MERGED from [com.github.Dimezis:BlurView:version-2.0.6] AndroidManifest.xml:2:1-11:12
MERGED from [androidx.interpolator:interpolator:1.0.0] AndroidManifest.xml:17:1-22:12
MERGED from [androidx.cardview:cardview:1.0.0] AndroidManifest.xml:17:1-22:12
MERGED from [androidx.cursoradapter:cursoradapter:1.0.0] AndroidManifest.xml:17:1-22:12
MERGED from [androidx.versionedparcelable:versionedparcelable:1.1.1] AndroidManifest.xml:17:1-27:12
MERGED from [androidx.documentfile:documentfile:1.0.0] AndroidManifest.xml:17:1-22:12
MERGED from [androidx.localbroadcastmanager:localbroadcastmanager:1.0.0] AndroidManifest.xml:17:1-22:12
MERGED from [androidx.print:print:1.0.0] AndroidManifest.xml:17:1-22:12
MERGED from [androidx.arch.core:core-runtime:2.2.0] AndroidManifest.xml:17:1-22:12
MERGED from [androidx.annotation:annotation-experimental:1.4.1] AndroidManifest.xml:2:1-7:12
MERGED from [com.facebook.fbjni:fbjni:0.6.0] AndroidManifest.xml:2:1-7:12
MERGED from [com.facebook.soloader:soloader:0.12.1] AndroidManifest.xml:2:1-17:12
	package
		INJECTED from src/main/AndroidManifest.xml
	android:versionName
		INJECTED from src/main/AndroidManifest.xml
	android:versionCode
		INJECTED from src/main/AndroidManifest.xml
	xmlns:android
		ADDED from src/main/AndroidManifest.xml:1:11-69
uses-permission#android.permission.INTERNET
ADDED from src/main/AndroidManifest.xml:2:3-64
MERGED from [:expo-file-system] AndroidManifest.xml:8:5-67
MERGED from [:expo-file-system] AndroidManifest.xml:8:5-67
	android:name
		ADDED from src/main/AndroidManifest.xml:2:20-62
uses-permission#android.permission.READ_EXTERNAL_STORAGE
ADDED from src/main/AndroidManifest.xml:3:3-77
MERGED from [:expo-file-system] AndroidManifest.xml:10:5-80
MERGED from [:expo-file-system] AndroidManifest.xml:10:5-80
	android:name
		ADDED from src/main/AndroidManifest.xml:3:20-75
uses-permission#android.permission.SYSTEM_ALERT_WINDOW
ADDED from src/main/AndroidManifest.xml:4:3-75
	android:name
		ADDED from src/main/AndroidManifest.xml:4:20-73
uses-permission#android.permission.VIBRATE
ADDED from src/main/AndroidManifest.xml:5:3-63
MERGED from [:expo-haptics] AndroidManifest.xml:7:5-66
MERGED from [:expo-haptics] AndroidManifest.xml:7:5-66
	android:name
		ADDED from src/main/AndroidManifest.xml:5:20-61
uses-permission#android.permission.WRITE_EXTERNAL_STORAGE
ADDED from src/main/AndroidManifest.xml:6:3-78
MERGED from [:expo-file-system] AndroidManifest.xml:9:5-81
MERGED from [:expo-file-system] AndroidManifest.xml:9:5-81
	android:name
		ADDED from src/main/AndroidManifest.xml:6:20-76
queries
ADDED from src/main/AndroidManifest.xml:7:3-13:13
MERGED from [:expo-file-system] AndroidManifest.xml:12:5-18:15
MERGED from [:expo-file-system] AndroidManifest.xml:12:5-18:15
MERGED from [:expo-web-browser] AndroidManifest.xml:7:5-13:15
MERGED from [:expo-web-browser] AndroidManifest.xml:7:5-13:15
intent#action:name:android.intent.action.VIEW+category:name:android.intent.category.BROWSABLE+data:scheme:https
ADDED from src/main/AndroidManifest.xml:8:5-12:14
action#android.intent.action.VIEW
ADDED from src/main/AndroidManifest.xml:9:7-58
	android:name
		ADDED from src/main/AndroidManifest.xml:9:15-56
category#android.intent.category.BROWSABLE
ADDED from src/main/AndroidManifest.xml:10:7-67
	android:name
		ADDED from src/main/AndroidManifest.xml:10:17-65
data
ADDED from src/main/AndroidManifest.xml:11:7-37
	android:scheme
		ADDED from src/main/AndroidManifest.xml:11:13-35
application
ADDED from src/main/AndroidManifest.xml:14:3-31:17
INJECTED from src/main/AndroidManifest.xml:14:3-31:17
MERGED from [:react-native-webview] AndroidManifest.xml:7:5-17:19
MERGED from [:react-native-webview] AndroidManifest.xml:7:5-17:19
MERGED from [:expo-file-system] AndroidManifest.xml:20:5-31:19
MERGED from [:expo-file-system] AndroidManifest.xml:20:5-31:19
MERGED from [:expo-modules-core] AndroidManifest.xml:8:5-16:19
MERGED from [:expo-modules-core] AndroidManifest.xml:8:5-16:19
MERGED from [com.google.android.material:material:1.6.1] AndroidManifest.xml:24:5-20
MERGED from [com.google.android.material:material:1.6.1] AndroidManifest.xml:24:5-20
MERGED from [androidx.constraintlayout:constraintlayout:2.0.1] AndroidManifest.xml:9:5-20
MERGED from [androidx.constraintlayout:constraintlayout:2.0.1] AndroidManifest.xml:9:5-20
MERGED from [androidx.emoji2:emoji2:1.3.0] AndroidManifest.xml:23:5-33:19
MERGED from [androidx.emoji2:emoji2:1.3.0] AndroidManifest.xml:23:5-33:19
MERGED from [androidx.core:core:1.13.1] AndroidManifest.xml:28:5-89
MERGED from [androidx.core:core:1.13.1] AndroidManifest.xml:28:5-89
MERGED from [androidx.lifecycle:lifecycle-process:2.8.3] AndroidManifest.xml:23:5-33:19
MERGED from [androidx.lifecycle:lifecycle-process:2.8.3] AndroidManifest.xml:23:5-33:19
MERGED from [androidx.profileinstaller:profileinstaller:1.3.1] AndroidManifest.xml:23:5-53:19
MERGED from [androidx.profileinstaller:profileinstaller:1.3.1] AndroidManifest.xml:23:5-53:19
MERGED from [androidx.startup:startup-runtime:1.1.1] AndroidManifest.xml:25:5-31:19
MERGED from [androidx.startup:startup-runtime:1.1.1] AndroidManifest.xml:25:5-31:19
MERGED from [com.github.Dimezis:BlurView:version-2.0.6] AndroidManifest.xml:9:5-20
MERGED from [com.github.Dimezis:BlurView:version-2.0.6] AndroidManifest.xml:9:5-20
MERGED from [androidx.versionedparcelable:versionedparcelable:1.1.1] AndroidManifest.xml:24:5-25:19
MERGED from [androidx.versionedparcelable:versionedparcelable:1.1.1] AndroidManifest.xml:24:5-25:19
MERGED from [com.facebook.soloader:soloader:0.12.1] AndroidManifest.xml:11:5-15:19
MERGED from [com.facebook.soloader:soloader:0.12.1] AndroidManifest.xml:11:5-15:19
	android:extractNativeLibs
		INJECTED from src/main/AndroidManifest.xml
	android:appComponentFactory
		ADDED from [androidx.core:core:1.13.1] AndroidManifest.xml:28:18-86
	android:supportsRtl
		ADDED from src/main/AndroidManifest.xml:14:221-247
	android:label
		ADDED from src/main/AndroidManifest.xml:14:48-80
	android:roundIcon
		ADDED from src/main/AndroidManifest.xml:14:116-161
	android:icon
		ADDED from src/main/AndroidManifest.xml:14:81-115
	android:allowBackup
		ADDED from src/main/AndroidManifest.xml:14:162-188
	android:theme
		ADDED from src/main/AndroidManifest.xml:14:189-220
	android:name
		ADDED from src/main/AndroidManifest.xml:14:16-47
meta-data#expo.modules.updates.ENABLED
ADDED from src/main/AndroidManifest.xml:15:5-83
	android:value
		ADDED from src/main/AndroidManifest.xml:15:60-81
	android:name
		ADDED from src/main/AndroidManifest.xml:15:16-59
meta-data#expo.modules.updates.EXPO_UPDATES_CHECK_ON_LAUNCH
ADDED from src/main/AndroidManifest.xml:16:5-105
	android:value
		ADDED from src/main/AndroidManifest.xml:16:81-103
	android:name
		ADDED from src/main/AndroidManifest.xml:16:16-80
meta-data#expo.modules.updates.EXPO_UPDATES_LAUNCH_WAIT_MS
ADDED from src/main/AndroidManifest.xml:17:5-99
	android:value
		ADDED from src/main/AndroidManifest.xml:17:80-97
	android:name
		ADDED from src/main/AndroidManifest.xml:17:16-79
activity#com.anonymous.dashwaverntest.MainActivity
ADDED from src/main/AndroidManifest.xml:18:5-30:16
	android:screenOrientation
		ADDED from src/main/AndroidManifest.xml:18:280-316
	android:launchMode
		ADDED from src/main/AndroidManifest.xml:18:135-166
	android:windowSoftInputMode
		ADDED from src/main/AndroidManifest.xml:18:167-209
	android:exported
		ADDED from src/main/AndroidManifest.xml:18:256-279
	android:configChanges
		ADDED from src/main/AndroidManifest.xml:18:44-134
	android:theme
		ADDED from src/main/AndroidManifest.xml:18:210-255
	android:name
		ADDED from src/main/AndroidManifest.xml:18:15-43
intent-filter#action:name:android.intent.action.MAIN+category:name:android.intent.category.LAUNCHER
ADDED from src/main/AndroidManifest.xml:19:7-22:23
action#android.intent.action.MAIN
ADDED from src/main/AndroidManifest.xml:20:9-60
	android:name
		ADDED from src/main/AndroidManifest.xml:20:17-58
category#android.intent.category.LAUNCHER
ADDED from src/main/AndroidManifest.xml:21:9-68
	android:name
		ADDED from src/main/AndroidManifest.xml:21:19-66
intent-filter#action:name:android.intent.action.VIEW+category:name:android.intent.category.BROWSABLE+category:name:android.intent.category.DEFAULT+data:scheme:com.anonymous.dashwaverntest+data:scheme:myapp
ADDED from src/main/AndroidManifest.xml:23:7-29:23
category#android.intent.category.DEFAULT
ADDED from src/main/AndroidManifest.xml:25:9-67
	android:name
		ADDED from src/main/AndroidManifest.xml:25:19-65
uses-sdk
INJECTED from src/main/AndroidManifest.xml reason: use-sdk injection requested
INJECTED from src/main/AndroidManifest.xml
INJECTED from src/main/AndroidManifest.xml
MERGED from [:expo] AndroidManifest.xml:5:5-44
MERGED from [:expo] AndroidManifest.xml:5:5-44
MERGED from [:react-native-gesture-handler] AndroidManifest.xml:5:5-44
MERGED from [:react-native-gesture-handler] AndroidManifest.xml:5:5-44
MERGED from [:react-native-safe-area-context] AndroidManifest.xml:5:5-44
MERGED from [:react-native-safe-area-context] AndroidManifest.xml:5:5-44
MERGED from [:react-native-screens] AndroidManifest.xml:5:5-44
MERGED from [:react-native-screens] AndroidManifest.xml:5:5-44
MERGED from [:react-native-webview] AndroidManifest.xml:5:5-44
MERGED from [:react-native-webview] AndroidManifest.xml:5:5-44
MERGED from [:react-native-reanimated] AndroidManifest.xml:5:5-44
MERGED from [:react-native-reanimated] AndroidManifest.xml:5:5-44
MERGED from [:expo-asset] AndroidManifest.xml:5:5-44
MERGED from [:expo-asset] AndroidManifest.xml:5:5-44
MERGED from [:expo-blur] AndroidManifest.xml:5:5-44
MERGED from [:expo-blur] AndroidManifest.xml:5:5-44
MERGED from [:expo-constants] AndroidManifest.xml:5:5-44
MERGED from [:expo-constants] AndroidManifest.xml:5:5-44
MERGED from [:expo-file-system] AndroidManifest.xml:6:5-44
MERGED from [:expo-file-system] AndroidManifest.xml:6:5-44
MERGED from [:expo-font] AndroidManifest.xml:5:5-44
MERGED from [:expo-font] AndroidManifest.xml:5:5-44
MERGED from [:expo-haptics] AndroidManifest.xml:5:5-44
MERGED from [:expo-haptics] AndroidManifest.xml:5:5-44
MERGED from [:expo-keep-awake] AndroidManifest.xml:5:5-44
MERGED from [:expo-keep-awake] AndroidManifest.xml:5:5-44
MERGED from [:expo-linking] AndroidManifest.xml:5:5-44
MERGED from [:expo-linking] AndroidManifest.xml:5:5-44
MERGED from [:expo-splash-screen] AndroidManifest.xml:5:5-44
MERGED from [:expo-splash-screen] AndroidManifest.xml:5:5-44
MERGED from [:expo-system-ui] AndroidManifest.xml:5:5-44
MERGED from [:expo-system-ui] AndroidManifest.xml:5:5-44
MERGED from [:expo-web-browser] AndroidManifest.xml:5:5-44
MERGED from [:expo-web-browser] AndroidManifest.xml:5:5-44
MERGED from [:expo-modules-core] AndroidManifest.xml:6:5-44
MERGED from [:expo-modules-core] AndroidManifest.xml:6:5-44
MERGED from [com.facebook.react:react-android:0.76.6] AndroidManifest.xml:10:5-44
MERGED from [com.facebook.react:react-android:0.76.6] AndroidManifest.xml:10:5-44
MERGED from [com.google.android.material:material:1.6.1] AndroidManifest.xml:20:5-22:41
MERGED from [com.google.android.material:material:1.6.1] AndroidManifest.xml:20:5-22:41
MERGED from [androidx.legacy:legacy-support-v4:1.0.0] AndroidManifest.xml:20:5-44
MERGED from [androidx.legacy:legacy-support-v4:1.0.0] AndroidManifest.xml:20:5-44
MERGED from [androidx.constraintlayout:constraintlayout:2.0.1] AndroidManifest.xml:5:5-7:41
MERGED from [androidx.constraintlayout:constraintlayout:2.0.1] AndroidManifest.xml:5:5-7:41
MERGED from [androidx.core:core-splashscreen:1.2.0-alpha02] AndroidManifest.xml:20:5-44
MERGED from [androidx.core:core-splashscreen:1.2.0-alpha02] AndroidManifest.xml:20:5-44
MERGED from [androidx.appcompat:appcompat-resources:1.7.0] AndroidManifest.xml:5:5-44
MERGED from [androidx.appcompat:appcompat-resources:1.7.0] AndroidManifest.xml:5:5-44
MERGED from [androidx.appcompat:appcompat:1.7.0] AndroidManifest.xml:5:5-44
MERGED from [androidx.appcompat:appcompat:1.7.0] AndroidManifest.xml:5:5-44
MERGED from [androidx.viewpager2:viewpager2:1.0.0] AndroidManifest.xml:20:5-22:41
MERGED from [androidx.viewpager2:viewpager2:1.0.0] AndroidManifest.xml:20:5-22:41
MERGED from [androidx.fragment:fragment:1.6.1] AndroidManifest.xml:20:5-44
MERGED from [androidx.fragment:fragment:1.6.1] AndroidManifest.xml:20:5-44
MERGED from [androidx.fragment:fragment-ktx:1.6.1] AndroidManifest.xml:20:5-44
MERGED from [androidx.fragment:fragment-ktx:1.6.1] AndroidManifest.xml:20:5-44
MERGED from [com.facebook.fresco:imagepipeline-okhttp3:3.2.0] AndroidManifest.xml:5:5-44
MERGED from [com.facebook.fresco:imagepipeline-okhttp3:3.2.0] AndroidManifest.xml:5:5-44
MERGED from [androidx.legacy:legacy-support-core-ui:1.0.0] AndroidManifest.xml:20:5-44
MERGED from [androidx.legacy:legacy-support-core-ui:1.0.0] AndroidManifest.xml:20:5-44
MERGED from [androidx.coordinatorlayout:coordinatorlayout:1.2.0] AndroidManifest.xml:20:5-22:41
MERGED from [androidx.coordinatorlayout:coordinatorlayout:1.2.0] AndroidManifest.xml:20:5-22:41
MERGED from [androidx.swiperefreshlayout:swiperefreshlayout:1.1.0] AndroidManifest.xml:20:5-22:41
MERGED from [androidx.swiperefreshlayout:swiperefreshlayout:1.1.0] AndroidManifest.xml:20:5-22:41
MERGED from [androidx.webkit:webkit:1.4.0] AndroidManifest.xml:20:5-22:41
MERGED from [androidx.webkit:webkit:1.4.0] AndroidManifest.xml:20:5-22:41
MERGED from [androidx.compose.foundation:foundation-android:1.7.6] AndroidManifest.xml:5:5-44
MERGED from [androidx.compose.foundation:foundation-android:1.7.6] AndroidManifest.xml:5:5-44
MERGED from [androidx.compose.foundation:foundation-layout-android:1.7.6] AndroidManifest.xml:5:5-44
MERGED from [androidx.compose.foundation:foundation-layout-android:1.7.6] AndroidManifest.xml:5:5-44
MERGED from [androidx.compose.animation:animation-core-android:1.7.6] AndroidManifest.xml:5:5-44
MERGED from [androidx.compose.animation:animation-core-android:1.7.6] AndroidManifest.xml:5:5-44
MERGED from [androidx.compose.animation:animation-android:1.7.6] AndroidManifest.xml:5:5-44
MERGED from [androidx.compose.animation:animation-android:1.7.6] AndroidManifest.xml:5:5-44
MERGED from [androidx.compose.ui:ui-unit-android:1.7.6] AndroidManifest.xml:5:5-44
MERGED from [androidx.compose.ui:ui-unit-android:1.7.6] AndroidManifest.xml:5:5-44
MERGED from [androidx.compose.ui:ui-graphics-android:1.7.6] AndroidManifest.xml:5:5-44
MERGED from [androidx.compose.ui:ui-graphics-android:1.7.6] AndroidManifest.xml:5:5-44
MERGED from [androidx.compose.ui:ui-geometry-android:1.7.6] AndroidManifest.xml:5:5-44
MERGED from [androidx.compose.ui:ui-geometry-android:1.7.6] AndroidManifest.xml:5:5-44
MERGED from [androidx.compose.ui:ui-util-android:1.7.6] AndroidManifest.xml:5:5-44
MERGED from [androidx.compose.ui:ui-util-android:1.7.6] AndroidManifest.xml:5:5-44
MERGED from [androidx.compose.ui:ui-text-android:1.7.6] AndroidManifest.xml:5:5-44
MERGED from [androidx.compose.ui:ui-text-android:1.7.6] AndroidManifest.xml:5:5-44
MERGED from [androidx.compose.ui:ui-android:1.7.6] AndroidManifest.xml:5:5-44
MERGED from [androidx.compose.ui:ui-android:1.7.6] AndroidManifest.xml:5:5-44
MERGED from [androidx.autofill:autofill:1.1.0] AndroidManifest.xml:20:5-22:41
MERGED from [androidx.autofill:autofill:1.1.0] AndroidManifest.xml:20:5-22:41
MERGED from [com.facebook.fresco:animated-gif:3.2.0] AndroidManifest.xml:5:5-44
MERGED from [com.facebook.fresco:animated-gif:3.2.0] AndroidManifest.xml:5:5-44
MERGED from [com.facebook.fresco:webpsupport:3.2.0] AndroidManifest.xml:5:5-44
MERGED from [com.facebook.fresco:webpsupport:3.2.0] AndroidManifest.xml:5:5-44
MERGED from [com.facebook.fresco:fresco:3.2.0] AndroidManifest.xml:5:5-44
MERGED from [com.facebook.fresco:fresco:3.2.0] AndroidManifest.xml:5:5-44
MERGED from [com.facebook.fresco:animated-base:3.2.0] AndroidManifest.xml:5:5-44
MERGED from [com.facebook.fresco:animated-base:3.2.0] AndroidManifest.xml:5:5-44
MERGED from [com.facebook.fresco:animated-drawable:3.2.0] AndroidManifest.xml:5:5-44
MERGED from [com.facebook.fresco:animated-drawable:3.2.0] AndroidManifest.xml:5:5-44
MERGED from [com.facebook.fresco:vito-options:3.2.0] AndroidManifest.xml:5:5-44
MERGED from [com.facebook.fresco:vito-options:3.2.0] AndroidManifest.xml:5:5-44
MERGED from [com.facebook.fresco:drawee:3.2.0] AndroidManifest.xml:5:5-44
MERGED from [com.facebook.fresco:drawee:3.2.0] AndroidManifest.xml:5:5-44
MERGED from [com.facebook.fresco:nativeimagefilters:3.2.0] AndroidManifest.xml:5:5-44
MERGED from [com.facebook.fresco:nativeimagefilters:3.2.0] AndroidManifest.xml:5:5-44
MERGED from [com.facebook.fresco:memory-type-native:3.2.0] AndroidManifest.xml:5:5-44
MERGED from [com.facebook.fresco:memory-type-native:3.2.0] AndroidManifest.xml:5:5-44
MERGED from [com.facebook.fresco:memory-type-java:3.2.0] AndroidManifest.xml:5:5-44
MERGED from [com.facebook.fresco:memory-type-java:3.2.0] AndroidManifest.xml:5:5-44
MERGED from [com.facebook.fresco:imagepipeline-native:3.2.0] AndroidManifest.xml:5:5-44
MERGED from [com.facebook.fresco:imagepipeline-native:3.2.0] AndroidManifest.xml:5:5-44
MERGED from [com.facebook.fresco:memory-type-ashmem:3.2.0] AndroidManifest.xml:5:5-44
MERGED from [com.facebook.fresco:memory-type-ashmem:3.2.0] AndroidManifest.xml:5:5-44
MERGED from [com.facebook.fresco:imagepipeline:3.2.0] AndroidManifest.xml:5:5-44
MERGED from [com.facebook.fresco:imagepipeline:3.2.0] AndroidManifest.xml:5:5-44
MERGED from [com.facebook.fresco:nativeimagetranscoder:3.2.0] AndroidManifest.xml:5:5-44
MERGED from [com.facebook.fresco:nativeimagetranscoder:3.2.0] AndroidManifest.xml:5:5-44
MERGED from [com.facebook.fresco:imagepipeline-base:3.2.0] AndroidManifest.xml:5:5-44
MERGED from [com.facebook.fresco:imagepipeline-base:3.2.0] AndroidManifest.xml:5:5-44
MERGED from [com.facebook.fresco:middleware:3.2.0] AndroidManifest.xml:5:5-44
MERGED from [com.facebook.fresco:middleware:3.2.0] AndroidManifest.xml:5:5-44
MERGED from [com.facebook.fresco:ui-common:3.2.0] AndroidManifest.xml:5:5-44
MERGED from [com.facebook.fresco:ui-common:3.2.0] AndroidManifest.xml:5:5-44
MERGED from [com.facebook.fresco:soloader:3.2.0] AndroidManifest.xml:5:5-44
MERGED from [com.facebook.fresco:soloader:3.2.0] AndroidManifest.xml:5:5-44
MERGED from [com.facebook.fresco:fbcore:3.2.0] AndroidManifest.xml:5:5-44
MERGED from [com.facebook.fresco:fbcore:3.2.0] AndroidManifest.xml:5:5-44
MERGED from [androidx.browser:browser:1.6.0] AndroidManifest.xml:5:5-44
MERGED from [androidx.browser:browser:1.6.0] AndroidManifest.xml:5:5-44
MERGED from [androidx.transition:transition:1.2.0] AndroidManifest.xml:20:5-22:41
MERGED from [androidx.transition:transition:1.2.0] AndroidManifest.xml:20:5-22:41
MERGED from [androidx.drawerlayout:drawerlayout:1.1.1] AndroidManifest.xml:20:5-22:41
MERGED from [androidx.drawerlayout:drawerlayout:1.1.1] AndroidManifest.xml:20:5-22:41
MERGED from [androidx.dynamicanimation:dynamicanimation:1.0.0] AndroidManifest.xml:20:5-44
MERGED from [androidx.dynamicanimation:dynamicanimation:1.0.0] AndroidManifest.xml:20:5-44
MERGED from [androidx.vectordrawable:vectordrawable-animated:1.1.0] AndroidManifest.xml:20:5-22:41
MERGED from [androidx.vectordrawable:vectordrawable-animated:1.1.0] AndroidManifest.xml:20:5-22:41
MERGED from [androidx.vectordrawable:vectordrawable:1.1.0] AndroidManifest.xml:20:5-22:41
MERGED from [androidx.vectordrawable:vectordrawable:1.1.0] AndroidManifest.xml:20:5-22:41
MERGED from [androidx.emoji2:emoji2-views-helper:1.3.0] AndroidManifest.xml:5:5-44
MERGED from [androidx.emoji2:emoji2-views-helper:1.3.0] AndroidManifest.xml:5:5-44
MERGED from [androidx.emoji2:emoji2:1.3.0] AndroidManifest.xml:21:5-44
MERGED from [androidx.emoji2:emoji2:1.3.0] AndroidManifest.xml:21:5-44
MERGED from [androidx.media:media:1.0.0] AndroidManifest.xml:20:5-44
MERGED from [androidx.media:media:1.0.0] AndroidManifest.xml:20:5-44
MERGED from [androidx.legacy:legacy-support-core-utils:1.0.0] AndroidManifest.xml:20:5-44
MERGED from [androidx.legacy:legacy-support-core-utils:1.0.0] AndroidManifest.xml:20:5-44
MERGED from [androidx.activity:activity-ktx:1.7.2] AndroidManifest.xml:20:5-44
MERGED from [androidx.activity:activity-ktx:1.7.2] AndroidManifest.xml:20:5-44
MERGED from [androidx.activity:activity:1.7.2] AndroidManifest.xml:20:5-44
MERGED from [androidx.activity:activity:1.7.2] AndroidManifest.xml:20:5-44
MERGED from [androidx.loader:loader:1.0.0] AndroidManifest.xml:20:5-44
MERGED from [androidx.loader:loader:1.0.0] AndroidManifest.xml:20:5-44
MERGED from [androidx.viewpager:viewpager:1.0.0] AndroidManifest.xml:20:5-44
MERGED from [androidx.viewpager:viewpager:1.0.0] AndroidManifest.xml:20:5-44
MERGED from [androidx.recyclerview:recyclerview:1.1.0] AndroidManifest.xml:20:5-22:41
MERGED from [androidx.recyclerview:recyclerview:1.1.0] AndroidManifest.xml:20:5-22:41
MERGED from [androidx.slidingpanelayout:slidingpanelayout:1.0.0] AndroidManifest.xml:20:5-44
MERGED from [androidx.slidingpanelayout:slidingpanelayout:1.0.0] AndroidManifest.xml:20:5-44